Spark Command: /etc/alternatives/java_sdk_1.8.0/bin/java -cp /root/Lionsu/envsoft/spark-2.4.7-bin-hadoop2.7/conf/:/root/Lionsu/envsoft/spark-2.4.7-bin-hadoop2.7/jars/* -Xmx1g org.apache.spark.deploy.worker.Worker --webui-port 8081 spark://iZj6cidbsi5o2h802gx6hjZ:7077
========================================
Using Spark's default log4j profile: org/apache/spark/log4j-defaults.properties
21/06/22 11:42:02 INFO Worker: Started daemon with process name: 4613@iZj6cidbsi5o2h802gx6hjZ
21/06/22 11:42:02 INFO SignalUtils: Registered signal handler for TERM
21/06/22 11:42:02 INFO SignalUtils: Registered signal handler for HUP
21/06/22 11:42:02 INFO SignalUtils: Registered signal handler for INT
21/06/22 11:42:02 WARN NativeCodeLoader: Unable to load native-hadoop library for your platform... using builtin-java classes where applicable
21/06/22 11:42:02 INFO SecurityManager: Changing view acls to: root
21/06/22 11:42:03 INFO SecurityManager: Changing modify acls to: root
21/06/22 11:42:03 INFO SecurityManager: Changing view acls groups to: 
21/06/22 11:42:03 INFO SecurityManager: Changing modify acls groups to: 
21/06/22 11:42:03 INFO SecurityManager: SecurityManager: authentication disabled; ui acls disabled; users  with view permissions: Set(root); groups with view permissions: Set(); users  with modify permissions: Set(root); groups with modify permissions: Set()
21/06/22 11:42:03 INFO Utils: Successfully started service 'sparkWorker' on port 36588.
21/06/22 11:42:03 INFO Worker: Starting Spark worker 172.27.37.197:36588 with 2 cores, 1024.0 MB RAM
21/06/22 11:42:03 INFO Worker: Running Spark version 2.4.7
21/06/22 11:42:03 INFO Worker: Spark home: /root/Lionsu/envsoft/spark-2.4.7-bin-hadoop2.7
21/06/22 11:42:03 INFO Utils: Successfully started service 'WorkerUI' on port 8081.
21/06/22 11:42:03 INFO WorkerWebUI: Bound WorkerWebUI to 0.0.0.0, and started at http://iZj6cidbsi5o2h802gx6hjZ:8081
21/06/22 11:42:03 INFO Worker: Connecting to master iZj6cidbsi5o2h802gx6hjZ:7077...
21/06/22 11:42:03 INFO TransportClientFactory: Successfully created connection to iZj6cidbsi5o2h802gx6hjZ/172.27.37.197:7077 after 49 ms (0 ms spent in bootstraps)
21/06/22 11:42:03 INFO Worker: Successfully registered with master spark://iZj6cidbsi5o2h802gx6hjZ:7077
