[2021-06-22 11:08:43,146] DEBUG preRegister called. Server=com.sun.jmx.mbeanserver.JmxMBeanServer@66d3c617, name=log4j:logger=kafka.controller (kafka.controller)
[2021-06-22 11:08:49,787] INFO [ControllerEventThread controllerId=0] Starting (kafka.controller.ControllerEventManager$ControllerEventThread)
[2021-06-22 11:08:49,810] INFO [Controller id=0] 0 successfully elected as the controller. Epoch incremented to 1 and epoch zk version is now 1 (kafka.controller.KafkaController)
[2021-06-22 11:08:49,811] INFO [Controller id=0] Registering handlers (kafka.controller.KafkaController)
[2021-06-22 11:08:49,815] INFO [Controller id=0] Deleting log dir event notifications (kafka.controller.KafkaController)
[2021-06-22 11:08:49,818] INFO [Controller id=0] Deleting isr change notifications (kafka.controller.KafkaController)
[2021-06-22 11:08:49,824] INFO [Controller id=0] Initializing controller context (kafka.controller.KafkaController)
[2021-06-22 11:08:49,892] INFO [Controller id=0] Initialized broker epochs cache: Map(0 -> 24) (kafka.controller.KafkaController)
[2021-06-22 11:08:49,897] DEBUG [Controller id=0] Register BrokerModifications handler for Set(0) (kafka.controller.KafkaController)
[2021-06-22 11:08:49,902] DEBUG [Channel manager on controller 0]: Controller 0 trying to connect to broker 0 (kafka.controller.ControllerChannelManager)
[2021-06-22 11:08:49,921] INFO [Controller id=0] Currently active brokers in the cluster: Set(0) (kafka.controller.KafkaController)
[2021-06-22 11:08:49,922] INFO [Controller id=0] Currently shutting brokers in the cluster: Set() (kafka.controller.KafkaController)
[2021-06-22 11:08:49,923] INFO [RequestSendThread controllerId=0] Starting (kafka.controller.RequestSendThread)
[2021-06-22 11:08:49,923] INFO [Controller id=0] Current list of topics in the cluster: Set() (kafka.controller.KafkaController)
[2021-06-22 11:08:49,923] INFO [Controller id=0] Fetching topic deletions in progress (kafka.controller.KafkaController)
[2021-06-22 11:08:49,925] INFO [Controller id=0] List of topics to be deleted:  (kafka.controller.KafkaController)
[2021-06-22 11:08:49,926] INFO [Controller id=0] List of topics ineligible for deletion:  (kafka.controller.KafkaController)
[2021-06-22 11:08:49,926] INFO [Controller id=0] Initializing topic deletion manager (kafka.controller.KafkaController)
[2021-06-22 11:08:49,926] INFO [Topic Deletion Manager 0] Initializing manager with initial deletions: Set(), initial ineligible deletions: Set() (kafka.controller.TopicDeletionManager)
[2021-06-22 11:08:49,927] INFO [Controller id=0] Sending update metadata request (kafka.controller.KafkaController)
[2021-06-22 11:08:49,956] INFO [ReplicaStateMachine controllerId=0] Initializing replica state (kafka.controller.ZkReplicaStateMachine)
[2021-06-22 11:08:49,957] INFO [ReplicaStateMachine controllerId=0] Triggering online replica state changes (kafka.controller.ZkReplicaStateMachine)
[2021-06-22 11:08:49,960] INFO [ReplicaStateMachine controllerId=0] Triggering offline replica state changes (kafka.controller.ZkReplicaStateMachine)
[2021-06-22 11:08:49,981] DEBUG [ReplicaStateMachine controllerId=0] Started replica state machine with initial state -> Map() (kafka.controller.ZkReplicaStateMachine)
[2021-06-22 11:08:49,981] INFO [PartitionStateMachine controllerId=0] Initializing partition state (kafka.controller.ZkPartitionStateMachine)
[2021-06-22 11:08:49,982] INFO [PartitionStateMachine controllerId=0] Triggering online partition state changes (kafka.controller.ZkPartitionStateMachine)
[2021-06-22 11:08:49,986] DEBUG [PartitionStateMachine controllerId=0] Started partition state machine with initial state -> Map() (kafka.controller.ZkPartitionStateMachine)
[2021-06-22 11:08:49,986] INFO [Controller id=0] Ready to serve as the new controller with epoch 1 (kafka.controller.KafkaController)
[2021-06-22 11:08:49,994] INFO [Controller id=0] Partitions undergoing preferred replica election:  (kafka.controller.KafkaController)
[2021-06-22 11:08:49,994] INFO [Controller id=0] Partitions that completed preferred replica election:  (kafka.controller.KafkaController)
[2021-06-22 11:08:49,994] INFO [Controller id=0] Skipping preferred replica election for partitions due to topic deletion:  (kafka.controller.KafkaController)
[2021-06-22 11:08:49,995] INFO [Controller id=0] Resuming preferred replica election for partitions:  (kafka.controller.KafkaController)
[2021-06-22 11:08:50,007] INFO [Controller id=0] Starting replica leader election (PREFERRED) for partitions  triggered by ZkTriggered (kafka.controller.KafkaController)
[2021-06-22 11:08:50,017] INFO [RequestSendThread controllerId=0] Controller 0 connected to iZj6cidbsi5o2h802gx6hjZ:9092 (id: 0 rack: null) for sending state change requests (kafka.controller.RequestSendThread)
[2021-06-22 11:08:50,023] INFO [Controller id=0] Starting the controller scheduler (kafka.controller.KafkaController)
[2021-06-22 11:08:55,025] INFO [Controller id=0] Processing automatic preferred replica leader election (kafka.controller.KafkaController)
[2021-06-22 11:08:55,025] TRACE [Controller id=0] Checking need to trigger auto leader balancing (kafka.controller.KafkaController)
[2021-06-22 11:13:55,027] INFO [Controller id=0] Processing automatic preferred replica leader election (kafka.controller.KafkaController)
[2021-06-22 11:13:55,027] TRACE [Controller id=0] Checking need to trigger auto leader balancing (kafka.controller.KafkaController)
[2021-06-22 11:18:55,028] INFO [Controller id=0] Processing automatic preferred replica leader election (kafka.controller.KafkaController)
[2021-06-22 11:18:55,028] TRACE [Controller id=0] Checking need to trigger auto leader balancing (kafka.controller.KafkaController)
[2021-06-22 11:23:55,029] INFO [Controller id=0] Processing automatic preferred replica leader election (kafka.controller.KafkaController)
[2021-06-22 11:23:55,029] TRACE [Controller id=0] Checking need to trigger auto leader balancing (kafka.controller.KafkaController)
[2021-06-22 11:41:37,638] DEBUG preRegister called. Server=com.sun.jmx.mbeanserver.JmxMBeanServer@66d3c617, name=log4j:logger=kafka.controller (kafka.controller)
[2021-06-22 11:41:44,373] INFO [ControllerEventThread controllerId=0] Starting (kafka.controller.ControllerEventManager$ControllerEventThread)
[2021-06-22 11:41:44,403] INFO [Controller id=0] 0 successfully elected as the controller. Epoch incremented to 1 and epoch zk version is now 1 (kafka.controller.KafkaController)
[2021-06-22 11:41:44,403] INFO [Controller id=0] Registering handlers (kafka.controller.KafkaController)
[2021-06-22 11:41:44,408] INFO [Controller id=0] Deleting log dir event notifications (kafka.controller.KafkaController)
[2021-06-22 11:41:44,412] INFO [Controller id=0] Deleting isr change notifications (kafka.controller.KafkaController)
[2021-06-22 11:41:44,416] INFO [Controller id=0] Initializing controller context (kafka.controller.KafkaController)
[2021-06-22 11:41:44,457] INFO [Controller id=0] Initialized broker epochs cache: Map(0 -> 24) (kafka.controller.KafkaController)
[2021-06-22 11:41:44,471] DEBUG [Controller id=0] Register BrokerModifications handler for Set(0) (kafka.controller.KafkaController)
[2021-06-22 11:41:44,483] DEBUG [Channel manager on controller 0]: Controller 0 trying to connect to broker 0 (kafka.controller.ControllerChannelManager)
[2021-06-22 11:41:44,496] INFO [Controller id=0] Currently active brokers in the cluster: Set(0) (kafka.controller.KafkaController)
[2021-06-22 11:41:44,497] INFO [Controller id=0] Currently shutting brokers in the cluster: Set() (kafka.controller.KafkaController)
[2021-06-22 11:41:44,497] INFO [Controller id=0] Current list of topics in the cluster: Set() (kafka.controller.KafkaController)
[2021-06-22 11:41:44,498] INFO [Controller id=0] Fetching topic deletions in progress (kafka.controller.KafkaController)
[2021-06-22 11:41:44,500] INFO [RequestSendThread controllerId=0] Starting (kafka.controller.RequestSendThread)
[2021-06-22 11:41:44,513] INFO [Controller id=0] List of topics to be deleted:  (kafka.controller.KafkaController)
[2021-06-22 11:41:44,514] INFO [Controller id=0] List of topics ineligible for deletion:  (kafka.controller.KafkaController)
[2021-06-22 11:41:44,514] INFO [Controller id=0] Initializing topic deletion manager (kafka.controller.KafkaController)
[2021-06-22 11:41:44,515] INFO [Topic Deletion Manager 0] Initializing manager with initial deletions: Set(), initial ineligible deletions: Set() (kafka.controller.TopicDeletionManager)
[2021-06-22 11:41:44,515] INFO [Controller id=0] Sending update metadata request (kafka.controller.KafkaController)
[2021-06-22 11:41:44,559] INFO [ReplicaStateMachine controllerId=0] Initializing replica state (kafka.controller.ZkReplicaStateMachine)
[2021-06-22 11:41:44,560] INFO [ReplicaStateMachine controllerId=0] Triggering online replica state changes (kafka.controller.ZkReplicaStateMachine)
[2021-06-22 11:41:44,564] INFO [ReplicaStateMachine controllerId=0] Triggering offline replica state changes (kafka.controller.ZkReplicaStateMachine)
[2021-06-22 11:41:44,565] DEBUG [ReplicaStateMachine controllerId=0] Started replica state machine with initial state -> Map() (kafka.controller.ZkReplicaStateMachine)
[2021-06-22 11:41:44,565] INFO [PartitionStateMachine controllerId=0] Initializing partition state (kafka.controller.ZkPartitionStateMachine)
[2021-06-22 11:41:44,566] INFO [PartitionStateMachine controllerId=0] Triggering online partition state changes (kafka.controller.ZkPartitionStateMachine)
[2021-06-22 11:41:44,589] INFO [RequestSendThread controllerId=0] Controller 0 connected to iZj6cidbsi5o2h802gx6hjZ:9092 (id: 0 rack: null) for sending state change requests (kafka.controller.RequestSendThread)
[2021-06-22 11:41:44,599] DEBUG [PartitionStateMachine controllerId=0] Started partition state machine with initial state -> Map() (kafka.controller.ZkPartitionStateMachine)
[2021-06-22 11:41:44,599] INFO [Controller id=0] Ready to serve as the new controller with epoch 1 (kafka.controller.KafkaController)
[2021-06-22 11:41:44,658] INFO [Controller id=0] Partitions undergoing preferred replica election:  (kafka.controller.KafkaController)
[2021-06-22 11:41:44,659] INFO [Controller id=0] Partitions that completed preferred replica election:  (kafka.controller.KafkaController)
[2021-06-22 11:41:44,659] INFO [Controller id=0] Skipping preferred replica election for partitions due to topic deletion:  (kafka.controller.KafkaController)
[2021-06-22 11:41:44,659] INFO [Controller id=0] Resuming preferred replica election for partitions:  (kafka.controller.KafkaController)
[2021-06-22 11:41:44,660] INFO [Controller id=0] Starting replica leader election (PREFERRED) for partitions  triggered by ZkTriggered (kafka.controller.KafkaController)
[2021-06-22 11:41:44,683] INFO [Controller id=0] Starting the controller scheduler (kafka.controller.KafkaController)
[2021-06-22 11:41:49,684] INFO [Controller id=0] Processing automatic preferred replica leader election (kafka.controller.KafkaController)
[2021-06-22 11:41:49,685] TRACE [Controller id=0] Checking need to trigger auto leader balancing (kafka.controller.KafkaController)
