[2021-06-22 17:41:13,429] INFO Registered kafka:type=kafka.Log4jController MBean (kafka.utils.Log4jControllerRegistration$)
[2021-06-22 17:41:14,051] INFO Setting -D jdk.tls.rejectClientInitiatedRenegotiation=true to disable client-initiated TLS renegotiation (org.apache.zookeeper.common.X509Util)
[2021-06-22 17:41:14,114] INFO Registered signal handlers for TERM, INT, HUP (org.apache.kafka.common.utils.LoggingSignalHandler)
[2021-06-22 17:41:14,118] INFO starting (kafka.server.KafkaServer)
[2021-06-22 17:41:14,118] INFO Connecting to zookeeper on localhost:2181 (kafka.server.KafkaServer)
[2021-06-22 17:41:14,170] INFO [ZooKeeperClient Kafka server] Initializing a new session to localhost:2181. (kafka.zookeeper.ZooKeeperClient)
[2021-06-22 17:41:14,175] INFO Client environment:zookeeper.version=3.5.8-f439ca583e70862c3068a1f2a7d4d068eec33315, built on 05/04/2020 15:53 GMT (org.apache.zookeeper.ZooKeeper)
[2021-06-22 17:41:14,175] INFO Client environment:host.name=localhost (org.apache.zookeeper.ZooKeeper)
[2021-06-22 17:41:14,175] INFO Client environment:java.version=1.8.0_292 (org.apache.zookeeper.ZooKeeper)
[2021-06-22 17:41:14,175] INFO Client environment:java.vendor=Red Hat, Inc. (org.apache.zookeeper.ZooKeeper)
[2021-06-22 17:41:14,175] INFO Client environment:java.home=/usr/lib/jvm/java-1.8.0-openjdk-1.8.0.292.b10-1.el8_4.x86_64/jre (org.apache.zookeeper.ZooKeeper)
[2021-06-22 17:41:14,175] INFO Client environment:java.class.path=/root/文档/Lionsu/envsoft/kafka_2.12-2.6.0/bin/../libs/activation-1.1.1.jar:/root/文档/Lionsu/envsoft/kafka_2.12-2.6.0/bin/../libs/aopalliance-repackaged-2.5.0.jar:/root/文档/Lionsu/envsoft/kafka_2.12-2.6.0/bin/../libs/argparse4j-0.7.0.jar:/root/文档/Lionsu/envsoft/kafka_2.12-2.6.0/bin/../libs/audience-annotations-0.5.0.jar:/root/文档/Lionsu/envsoft/kafka_2.12-2.6.0/bin/../libs/commons-cli-1.4.jar:/root/文档/Lionsu/envsoft/kafka_2.12-2.6.0/bin/../libs/commons-lang3-3.8.1.jar:/root/文档/Lionsu/envsoft/kafka_2.12-2.6.0/bin/../libs/connect-api-2.6.0.jar:/root/文档/Lionsu/envsoft/kafka_2.12-2.6.0/bin/../libs/connect-basic-auth-extension-2.6.0.jar:/root/文档/Lionsu/envsoft/kafka_2.12-2.6.0/bin/../libs/connect-file-2.6.0.jar:/root/文档/Lionsu/envsoft/kafka_2.12-2.6.0/bin/../libs/connect-json-2.6.0.jar:/root/文档/Lionsu/envsoft/kafka_2.12-2.6.0/bin/../libs/connect-mirror-2.6.0.jar:/root/文档/Lionsu/envsoft/kafka_2.12-2.6.0/bin/../libs/connect-mirror-client-2.6.0.jar:/root/文档/Lionsu/envsoft/kafka_2.12-2.6.0/bin/../libs/connect-runtime-2.6.0.jar:/root/文档/Lionsu/envsoft/kafka_2.12-2.6.0/bin/../libs/connect-transforms-2.6.0.jar:/root/文档/Lionsu/envsoft/kafka_2.12-2.6.0/bin/../libs/hk2-api-2.5.0.jar:/root/文档/Lionsu/envsoft/kafka_2.12-2.6.0/bin/../libs/hk2-locator-2.5.0.jar:/root/文档/Lionsu/envsoft/kafka_2.12-2.6.0/bin/../libs/hk2-utils-2.5.0.jar:/root/文档/Lionsu/envsoft/kafka_2.12-2.6.0/bin/../libs/jackson-annotations-2.10.2.jar:/root/文档/Lionsu/envsoft/kafka_2.12-2.6.0/bin/../libs/jackson-core-2.10.2.jar:/root/文档/Lionsu/envsoft/kafka_2.12-2.6.0/bin/../libs/jackson-databind-2.10.2.jar:/root/文档/Lionsu/envsoft/kafka_2.12-2.6.0/bin/../libs/jackson-dataformat-csv-2.10.2.jar:/root/文档/Lionsu/envsoft/kafka_2.12-2.6.0/bin/../libs/jackson-datatype-jdk8-2.10.2.jar:/root/文档/Lionsu/envsoft/kafka_2.12-2.6.0/bin/../libs/jackson-jaxrs-base-2.10.2.jar:/root/文档/Lionsu/envsoft/kafka_2.12-2.6.0/bin/../libs/jackson-jaxrs-json-provider-2.10.2.jar:/root/文档/Lionsu/envsoft/kafka_2.12-2.6.0/bin/../libs/jackson-module-jaxb-annotations-2.10.2.jar:/root/文档/Lionsu/envsoft/kafka_2.12-2.6.0/bin/../libs/jackson-module-paranamer-2.10.2.jar:/root/文档/Lionsu/envsoft/kafka_2.12-2.6.0/bin/../libs/jackson-module-scala_2.12-2.10.2.jar:/root/文档/Lionsu/envsoft/kafka_2.12-2.6.0/bin/../libs/jakarta.activation-api-1.2.1.jar:/root/文档/Lionsu/envsoft/kafka_2.12-2.6.0/bin/../libs/jakarta.annotation-api-1.3.4.jar:/root/文档/Lionsu/envsoft/kafka_2.12-2.6.0/bin/../libs/jakarta.inject-2.5.0.jar:/root/文档/Lionsu/envsoft/kafka_2.12-2.6.0/bin/../libs/jakarta.ws.rs-api-2.1.5.jar:/root/文档/Lionsu/envsoft/kafka_2.12-2.6.0/bin/../libs/jakarta.xml.bind-api-2.3.2.jar:/root/文档/Lionsu/envsoft/kafka_2.12-2.6.0/bin/../libs/javassist-3.22.0-CR2.jar:/root/文档/Lionsu/envsoft/kafka_2.12-2.6.0/bin/../libs/javassist-3.26.0-GA.jar:/root/文档/Lionsu/envsoft/kafka_2.12-2.6.0/bin/../libs/javax.servlet-api-3.1.0.jar:/root/文档/Lionsu/envsoft/kafka_2.12-2.6.0/bin/../libs/javax.ws.rs-api-2.1.1.jar:/root/文档/Lionsu/envsoft/kafka_2.12-2.6.0/bin/../libs/jaxb-api-2.3.0.jar:/root/文档/Lionsu/envsoft/kafka_2.12-2.6.0/bin/../libs/jersey-client-2.28.jar:/root/文档/Lionsu/envsoft/kafka_2.12-2.6.0/bin/../libs/jersey-common-2.28.jar:/root/文档/Lionsu/envsoft/kafka_2.12-2.6.0/bin/../libs/jersey-container-servlet-2.28.jar:/root/文档/Lionsu/envsoft/kafka_2.12-2.6.0/bin/../libs/jersey-container-servlet-core-2.28.jar:/root/文档/Lionsu/envsoft/kafka_2.12-2.6.0/bin/../libs/jersey-hk2-2.28.jar:/root/文档/Lionsu/envsoft/kafka_2.12-2.6.0/bin/../libs/jersey-media-jaxb-2.28.jar:/root/文档/Lionsu/envsoft/kafka_2.12-2.6.0/bin/../libs/jersey-server-2.28.jar:/root/文档/Lionsu/envsoft/kafka_2.12-2.6.0/bin/../libs/jetty-client-9.4.24.v20191120.jar:/root/文档/Lionsu/envsoft/kafka_2.12-2.6.0/bin/../libs/jetty-continuation-9.4.24.v20191120.jar:/root/文档/Lionsu/envsoft/kafka_2.12-2.6.0/bin/../libs/jetty-http-9.4.24.v20191120.jar:/root/文档/Lionsu/envsoft/kafka_2.12-2.6.0/bin/../libs/jetty-io-9.4.24.v20191120.jar:/root/文档/Lionsu/envsoft/kafka_2.12-2.6.0/bin/../libs/jetty-security-9.4.24.v20191120.jar:/root/文档/Lionsu/envsoft/kafka_2.12-2.6.0/bin/../libs/jetty-server-9.4.24.v20191120.jar:/root/文档/Lionsu/envsoft/kafka_2.12-2.6.0/bin/../libs/jetty-servlet-9.4.24.v20191120.jar:/root/文档/Lionsu/envsoft/kafka_2.12-2.6.0/bin/../libs/jetty-servlets-9.4.24.v20191120.jar:/root/文档/Lionsu/envsoft/kafka_2.12-2.6.0/bin/../libs/jetty-util-9.4.24.v20191120.jar:/root/文档/Lionsu/envsoft/kafka_2.12-2.6.0/bin/../libs/jopt-simple-5.0.4.jar:/root/文档/Lionsu/envsoft/kafka_2.12-2.6.0/bin/../libs/kafka_2.12-2.6.0.jar:/root/文档/Lionsu/envsoft/kafka_2.12-2.6.0/bin/../libs/kafka_2.12-2.6.0-sources.jar:/root/文档/Lionsu/envsoft/kafka_2.12-2.6.0/bin/../libs/kafka-clients-2.6.0.jar:/root/文档/Lionsu/envsoft/kafka_2.12-2.6.0/bin/../libs/kafka-log4j-appender-2.6.0.jar:/root/文档/Lionsu/envsoft/kafka_2.12-2.6.0/bin/../libs/kafka-streams-2.6.0.jar:/root/文档/Lionsu/envsoft/kafka_2.12-2.6.0/bin/../libs/kafka-streams-examples-2.6.0.jar:/root/文档/Lionsu/envsoft/kafka_2.12-2.6.0/bin/../libs/kafka-streams-scala_2.12-2.6.0.jar:/root/文档/Lionsu/envsoft/kafka_2.12-2.6.0/bin/../libs/kafka-streams-test-utils-2.6.0.jar:/root/文档/Lionsu/envsoft/kafka_2.12-2.6.0/bin/../libs/kafka-tools-2.6.0.jar:/root/文档/Lionsu/envsoft/kafka_2.12-2.6.0/bin/../libs/log4j-1.2.17.jar:/root/文档/Lionsu/envsoft/kafka_2.12-2.6.0/bin/../libs/lz4-java-1.7.1.jar:/root/文档/Lionsu/envsoft/kafka_2.12-2.6.0/bin/../libs/maven-artifact-3.6.3.jar:/root/文档/Lionsu/envsoft/kafka_2.12-2.6.0/bin/../libs/metrics-core-2.2.0.jar:/root/文档/Lionsu/envsoft/kafka_2.12-2.6.0/bin/../libs/netty-buffer-4.1.50.Final.jar:/root/文档/Lionsu/envsoft/kafka_2.12-2.6.0/bin/../libs/netty-codec-4.1.50.Final.jar:/root/文档/Lionsu/envsoft/kafka_2.12-2.6.0/bin/../libs/netty-common-4.1.50.Final.jar:/root/文档/Lionsu/envsoft/kafka_2.12-2.6.0/bin/../libs/netty-handler-4.1.50.Final.jar:/root/文档/Lionsu/envsoft/kafka_2.12-2.6.0/bin/../libs/netty-resolver-4.1.50.Final.jar:/root/文档/Lionsu/envsoft/kafka_2.12-2.6.0/bin/../libs/netty-transport-4.1.50.Final.jar:/root/文档/Lionsu/envsoft/kafka_2.12-2.6.0/bin/../libs/netty-transport-native-epoll-4.1.50.Final.jar:/root/文档/Lionsu/envsoft/kafka_2.12-2.6.0/bin/../libs/netty-transport-native-unix-common-4.1.50.Final.jar:/root/文档/Lionsu/envsoft/kafka_2.12-2.6.0/bin/../libs/osgi-resource-locator-1.0.1.jar:/root/文档/Lionsu/envsoft/kafka_2.12-2.6.0/bin/../libs/paranamer-2.8.jar:/root/文档/Lionsu/envsoft/kafka_2.12-2.6.0/bin/../libs/plexus-utils-3.2.1.jar:/root/文档/Lionsu/envsoft/kafka_2.12-2.6.0/bin/../libs/reflections-0.9.12.jar:/root/文档/Lionsu/envsoft/kafka_2.12-2.6.0/bin/../libs/rocksdbjni-5.18.4.jar:/root/文档/Lionsu/envsoft/kafka_2.12-2.6.0/bin/../libs/scala-collection-compat_2.12-2.1.6.jar:/root/文档/Lionsu/envsoft/kafka_2.12-2.6.0/bin/../libs/scala-java8-compat_2.12-0.9.1.jar:/root/文档/Lionsu/envsoft/kafka_2.12-2.6.0/bin/../libs/scala-library-2.12.11.jar:/root/文档/Lionsu/envsoft/kafka_2.12-2.6.0/bin/../libs/scala-logging_2.12-3.9.2.jar:/root/文档/Lionsu/envsoft/kafka_2.12-2.6.0/bin/../libs/scala-reflect-2.12.11.jar:/root/文档/Lionsu/envsoft/kafka_2.12-2.6.0/bin/../libs/slf4j-api-1.7.30.jar:/root/文档/Lionsu/envsoft/kafka_2.12-2.6.0/bin/../libs/slf4j-log4j12-1.7.30.jar:/root/文档/Lionsu/envsoft/kafka_2.12-2.6.0/bin/../libs/snappy-java-1.1.7.3.jar:/root/文档/Lionsu/envsoft/kafka_2.12-2.6.0/bin/../libs/validation-api-2.0.1.Final.jar:/root/文档/Lionsu/envsoft/kafka_2.12-2.6.0/bin/../libs/zookeeper-3.5.8.jar:/root/文档/Lionsu/envsoft/kafka_2.12-2.6.0/bin/../libs/zookeeper-jute-3.5.8.jar:/root/文档/Lionsu/envsoft/kafka_2.12-2.6.0/bin/../libs/zstd-jni-1.4.4-7.jar (org.apache.zookeeper.ZooKeeper)
[2021-06-22 17:41:14,176] INFO Client environment:java.library.path=/usr/java/packages/lib/amd64:/usr/lib64:/lib64:/lib:/usr/lib (org.apache.zookeeper.ZooKeeper)
[2021-06-22 17:41:14,176] INFO Client environment:java.io.tmpdir=/tmp (org.apache.zookeeper.ZooKeeper)
[2021-06-22 17:41:14,176] INFO Client environment:java.compiler=<NA> (org.apache.zookeeper.ZooKeeper)
[2021-06-22 17:41:14,176] INFO Client environment:os.name=Linux (org.apache.zookeeper.ZooKeeper)
[2021-06-22 17:41:14,176] INFO Client environment:os.arch=amd64 (org.apache.zookeeper.ZooKeeper)
[2021-06-22 17:41:14,176] INFO Client environment:os.version=4.18.0-240.el8.x86_64 (org.apache.zookeeper.ZooKeeper)
[2021-06-22 17:41:14,176] INFO Client environment:user.name=root (org.apache.zookeeper.ZooKeeper)
[2021-06-22 17:41:14,176] INFO Client environment:user.home=/root (org.apache.zookeeper.ZooKeeper)
[2021-06-22 17:41:14,176] INFO Client environment:user.dir=/root/文档/Lionsu/envsoft (org.apache.zookeeper.ZooKeeper)
[2021-06-22 17:41:14,176] INFO Client environment:os.memory.free=975MB (org.apache.zookeeper.ZooKeeper)
[2021-06-22 17:41:14,176] INFO Client environment:os.memory.max=1024MB (org.apache.zookeeper.ZooKeeper)
[2021-06-22 17:41:14,176] INFO Client environment:os.memory.total=1024MB (org.apache.zookeeper.ZooKeeper)
[2021-06-22 17:41:14,179] INFO Initiating client connection, connectString=localhost:2181 sessionTimeout=18000 watcher=kafka.zookeeper.ZooKeeperClient$ZooKeeperClientWatcher$@59309333 (org.apache.zookeeper.ZooKeeper)
[2021-06-22 17:41:14,183] INFO jute.maxbuffer value is 4194304 Bytes (org.apache.zookeeper.ClientCnxnSocket)
[2021-06-22 17:41:14,190] INFO zookeeper.request.timeout value is 0. feature enabled= (org.apache.zookeeper.ClientCnxn)
[2021-06-22 17:41:14,193] INFO [ZooKeeperClient Kafka server] Waiting until connected. (kafka.zookeeper.ZooKeeperClient)
[2021-06-22 17:41:14,207] INFO Opening socket connection to server localhost/0:0:0:0:0:0:0:1:2181. Will not attempt to authenticate using SASL (unknown error) (org.apache.zookeeper.ClientCnxn)
[2021-06-22 17:41:14,213] INFO Socket connection established, initiating session, client: /0:0:0:0:0:0:0:1:51040, server: localhost/0:0:0:0:0:0:0:1:2181 (org.apache.zookeeper.ClientCnxn)
[2021-06-22 17:41:14,232] INFO Session establishment complete on server localhost/0:0:0:0:0:0:0:1:2181, sessionid = 0x10001a431cf0000, negotiated timeout = 18000 (org.apache.zookeeper.ClientCnxn)
[2021-06-22 17:41:14,235] INFO [ZooKeeperClient Kafka server] Connected. (kafka.zookeeper.ZooKeeperClient)
[2021-06-22 17:41:14,599] INFO Cluster ID = Ji-WOXuZSYW_eJTkxn0lZw (kafka.server.KafkaServer)
[2021-06-22 17:41:14,605] WARN No meta.properties file under dir /tmp/kafka-logs/meta.properties (kafka.server.BrokerMetadataCheckpoint)
[2021-06-22 17:41:14,672] INFO KafkaConfig values: 
	advertised.host.name = null
	advertised.listeners = null
	advertised.port = null
	alter.config.policy.class.name = null
	alter.log.dirs.replication.quota.window.num = 11
	alter.log.dirs.replication.quota.window.size.seconds = 1
	authorizer.class.name = 
	auto.create.topics.enable = true
	auto.leader.rebalance.enable = true
	background.threads = 10
	broker.id = 0
	broker.id.generation.enable = true
	broker.rack = null
	client.quota.callback.class = null
	compression.type = producer
	connection.failed.authentication.delay.ms = 100
	connections.max.idle.ms = 600000
	connections.max.reauth.ms = 0
	control.plane.listener.name = null
	controlled.shutdown.enable = true
	controlled.shutdown.max.retries = 3
	controlled.shutdown.retry.backoff.ms = 5000
	controller.socket.timeout.ms = 30000
	create.topic.policy.class.name = null
	default.replication.factor = 1
	delegation.token.expiry.check.interval.ms = 3600000
	delegation.token.expiry.time.ms = 86400000
	delegation.token.master.key = null
	delegation.token.max.lifetime.ms = 604800000
	delete.records.purgatory.purge.interval.requests = 1
	delete.topic.enable = true
	fetch.max.bytes = 57671680
	fetch.purgatory.purge.interval.requests = 1000
	group.initial.rebalance.delay.ms = 0
	group.max.session.timeout.ms = 1800000
	group.max.size = 2147483647
	group.min.session.timeout.ms = 6000
	host.name = 
	inter.broker.listener.name = null
	inter.broker.protocol.version = 2.6-IV0
	kafka.metrics.polling.interval.secs = 10
	kafka.metrics.reporters = []
	leader.imbalance.check.interval.seconds = 300
	leader.imbalance.per.broker.percentage = 10
	listener.security.protocol.map = PLAINTEXT:PLAINTEXT,SSL:SSL,SASL_PLAINTEXT:SASL_PLAINTEXT,SASL_SSL:SASL_SSL
	listeners = null
	log.cleaner.backoff.ms = 15000
	log.cleaner.dedupe.buffer.size = 134217728
	log.cleaner.delete.retention.ms = 86400000
	log.cleaner.enable = true
	log.cleaner.io.buffer.load.factor = 0.9
	log.cleaner.io.buffer.size = 524288
	log.cleaner.io.max.bytes.per.second = 1.7976931348623157E308
	log.cleaner.max.compaction.lag.ms = 9223372036854775807
	log.cleaner.min.cleanable.ratio = 0.5
	log.cleaner.min.compaction.lag.ms = 0
	log.cleaner.threads = 1
	log.cleanup.policy = [delete]
	log.dir = /tmp/kafka-logs
	log.dirs = /tmp/kafka-logs
	log.flush.interval.messages = 9223372036854775807
	log.flush.interval.ms = null
	log.flush.offset.checkpoint.interval.ms = 60000
	log.flush.scheduler.interval.ms = 9223372036854775807
	log.flush.start.offset.checkpoint.interval.ms = 60000
	log.index.interval.bytes = 4096
	log.index.size.max.bytes = 10485760
	log.message.downconversion.enable = true
	log.message.format.version = 2.6-IV0
	log.message.timestamp.difference.max.ms = 9223372036854775807
	log.message.timestamp.type = CreateTime
	log.preallocate = false
	log.retention.bytes = -1
	log.retention.check.interval.ms = 300000
	log.retention.hours = 168
	log.retention.minutes = null
	log.retention.ms = null
	log.roll.hours = 168
	log.roll.jitter.hours = 0
	log.roll.jitter.ms = null
	log.roll.ms = null
	log.segment.bytes = 1073741824
	log.segment.delete.delay.ms = 60000
	max.connections = 2147483647
	max.connections.per.ip = 2147483647
	max.connections.per.ip.overrides = 
	max.incremental.fetch.session.cache.slots = 1000
	message.max.bytes = 1048588
	metric.reporters = []
	metrics.num.samples = 2
	metrics.recording.level = INFO
	metrics.sample.window.ms = 30000
	min.insync.replicas = 1
	num.io.threads = 8
	num.network.threads = 3
	num.partitions = 1
	num.recovery.threads.per.data.dir = 1
	num.replica.alter.log.dirs.threads = null
	num.replica.fetchers = 1
	offset.metadata.max.bytes = 4096
	offsets.commit.required.acks = -1
	offsets.commit.timeout.ms = 5000
	offsets.load.buffer.size = 5242880
	offsets.retention.check.interval.ms = 600000
	offsets.retention.minutes = 10080
	offsets.topic.compression.codec = 0
	offsets.topic.num.partitions = 50
	offsets.topic.replication.factor = 1
	offsets.topic.segment.bytes = 104857600
	password.encoder.cipher.algorithm = AES/CBC/PKCS5Padding
	password.encoder.iterations = 4096
	password.encoder.key.length = 128
	password.encoder.keyfactory.algorithm = null
	password.encoder.old.secret = null
	password.encoder.secret = null
	port = 9092
	principal.builder.class = null
	producer.purgatory.purge.interval.requests = 1000
	queued.max.request.bytes = -1
	queued.max.requests = 500
	quota.consumer.default = 9223372036854775807
	quota.producer.default = 9223372036854775807
	quota.window.num = 11
	quota.window.size.seconds = 1
	replica.fetch.backoff.ms = 1000
	replica.fetch.max.bytes = 1048576
	replica.fetch.min.bytes = 1
	replica.fetch.response.max.bytes = 10485760
	replica.fetch.wait.max.ms = 500
	replica.high.watermark.checkpoint.interval.ms = 5000
	replica.lag.time.max.ms = 30000
	replica.selector.class = null
	replica.socket.receive.buffer.bytes = 65536
	replica.socket.timeout.ms = 30000
	replication.quota.window.num = 11
	replication.quota.window.size.seconds = 1
	request.timeout.ms = 30000
	reserved.broker.max.id = 1000
	sasl.client.callback.handler.class = null
	sasl.enabled.mechanisms = [GSSAPI]
	sasl.jaas.config = null
	sasl.kerberos.kinit.cmd = /usr/bin/kinit
	sasl.kerberos.min.time.before.relogin = 60000
	sasl.kerberos.principal.to.local.rules = [DEFAULT]
	sasl.kerberos.service.name = null
	sasl.kerberos.ticket.renew.jitter = 0.05
	sasl.kerberos.ticket.renew.window.factor = 0.8
	sasl.login.callback.handler.class = null
	sasl.login.class = null
	sasl.login.refresh.buffer.seconds = 300
	sasl.login.refresh.min.period.seconds = 60
	sasl.login.refresh.window.factor = 0.8
	sasl.login.refresh.window.jitter = 0.05
	sasl.mechanism.inter.broker.protocol = GSSAPI
	sasl.server.callback.handler.class = null
	security.inter.broker.protocol = PLAINTEXT
	security.providers = null
	socket.receive.buffer.bytes = 102400
	socket.request.max.bytes = 104857600
	socket.send.buffer.bytes = 102400
	ssl.cipher.suites = []
	ssl.client.auth = none
	ssl.enabled.protocols = [TLSv1.2]
	ssl.endpoint.identification.algorithm = https
	ssl.engine.factory.class = null
	ssl.key.password = null
	ssl.keymanager.algorithm = SunX509
	ssl.keystore.location = null
	ssl.keystore.password = null
	ssl.keystore.type = JKS
	ssl.principal.mapping.rules = DEFAULT
	ssl.protocol = TLSv1.2
	ssl.provider = null
	ssl.secure.random.implementation = null
	ssl.trustmanager.algorithm = PKIX
	ssl.truststore.location = null
	ssl.truststore.password = null
	ssl.truststore.type = JKS
	transaction.abort.timed.out.transaction.cleanup.interval.ms = 10000
	transaction.max.timeout.ms = 900000
	transaction.remove.expired.transaction.cleanup.interval.ms = 3600000
	transaction.state.log.load.buffer.size = 5242880
	transaction.state.log.min.isr = 1
	transaction.state.log.num.partitions = 50
	transaction.state.log.replication.factor = 1
	transaction.state.log.segment.bytes = 104857600
	transactional.id.expiration.ms = 604800000
	unclean.leader.election.enable = false
	zookeeper.clientCnxnSocket = null
	zookeeper.connect = localhost:2181
	zookeeper.connection.timeout.ms = 18000
	zookeeper.max.in.flight.requests = 10
	zookeeper.session.timeout.ms = 18000
	zookeeper.set.acl = false
	zookeeper.ssl.cipher.suites = null
	zookeeper.ssl.client.enable = false
	zookeeper.ssl.crl.enable = false
	zookeeper.ssl.enabled.protocols = null
	zookeeper.ssl.endpoint.identification.algorithm = HTTPS
	zookeeper.ssl.keystore.location = null
	zookeeper.ssl.keystore.password = null
	zookeeper.ssl.keystore.type = null
	zookeeper.ssl.ocsp.enable = false
	zookeeper.ssl.protocol = TLSv1.2
	zookeeper.ssl.truststore.location = null
	zookeeper.ssl.truststore.password = null
	zookeeper.ssl.truststore.type = null
	zookeeper.sync.time.ms = 2000
 (kafka.server.KafkaConfig)
[2021-06-22 17:41:14,681] INFO KafkaConfig values: 
	advertised.host.name = null
	advertised.listeners = null
	advertised.port = null
	alter.config.policy.class.name = null
	alter.log.dirs.replication.quota.window.num = 11
	alter.log.dirs.replication.quota.window.size.seconds = 1
	authorizer.class.name = 
	auto.create.topics.enable = true
	auto.leader.rebalance.enable = true
	background.threads = 10
	broker.id = 0
	broker.id.generation.enable = true
	broker.rack = null
	client.quota.callback.class = null
	compression.type = producer
	connection.failed.authentication.delay.ms = 100
	connections.max.idle.ms = 600000
	connections.max.reauth.ms = 0
	control.plane.listener.name = null
	controlled.shutdown.enable = true
	controlled.shutdown.max.retries = 3
	controlled.shutdown.retry.backoff.ms = 5000
	controller.socket.timeout.ms = 30000
	create.topic.policy.class.name = null
	default.replication.factor = 1
	delegation.token.expiry.check.interval.ms = 3600000
	delegation.token.expiry.time.ms = 86400000
	delegation.token.master.key = null
	delegation.token.max.lifetime.ms = 604800000
	delete.records.purgatory.purge.interval.requests = 1
	delete.topic.enable = true
	fetch.max.bytes = 57671680
	fetch.purgatory.purge.interval.requests = 1000
	group.initial.rebalance.delay.ms = 0
	group.max.session.timeout.ms = 1800000
	group.max.size = 2147483647
	group.min.session.timeout.ms = 6000
	host.name = 
	inter.broker.listener.name = null
	inter.broker.protocol.version = 2.6-IV0
	kafka.metrics.polling.interval.secs = 10
	kafka.metrics.reporters = []
	leader.imbalance.check.interval.seconds = 300
	leader.imbalance.per.broker.percentage = 10
	listener.security.protocol.map = PLAINTEXT:PLAINTEXT,SSL:SSL,SASL_PLAINTEXT:SASL_PLAINTEXT,SASL_SSL:SASL_SSL
	listeners = null
	log.cleaner.backoff.ms = 15000
	log.cleaner.dedupe.buffer.size = 134217728
	log.cleaner.delete.retention.ms = 86400000
	log.cleaner.enable = true
	log.cleaner.io.buffer.load.factor = 0.9
	log.cleaner.io.buffer.size = 524288
	log.cleaner.io.max.bytes.per.second = 1.7976931348623157E308
	log.cleaner.max.compaction.lag.ms = 9223372036854775807
	log.cleaner.min.cleanable.ratio = 0.5
	log.cleaner.min.compaction.lag.ms = 0
	log.cleaner.threads = 1
	log.cleanup.policy = [delete]
	log.dir = /tmp/kafka-logs
	log.dirs = /tmp/kafka-logs
	log.flush.interval.messages = 9223372036854775807
	log.flush.interval.ms = null
	log.flush.offset.checkpoint.interval.ms = 60000
	log.flush.scheduler.interval.ms = 9223372036854775807
	log.flush.start.offset.checkpoint.interval.ms = 60000
	log.index.interval.bytes = 4096
	log.index.size.max.bytes = 10485760
	log.message.downconversion.enable = true
	log.message.format.version = 2.6-IV0
	log.message.timestamp.difference.max.ms = 9223372036854775807
	log.message.timestamp.type = CreateTime
	log.preallocate = false
	log.retention.bytes = -1
	log.retention.check.interval.ms = 300000
	log.retention.hours = 168
	log.retention.minutes = null
	log.retention.ms = null
	log.roll.hours = 168
	log.roll.jitter.hours = 0
	log.roll.jitter.ms = null
	log.roll.ms = null
	log.segment.bytes = 1073741824
	log.segment.delete.delay.ms = 60000
	max.connections = 2147483647
	max.connections.per.ip = 2147483647
	max.connections.per.ip.overrides = 
	max.incremental.fetch.session.cache.slots = 1000
	message.max.bytes = 1048588
	metric.reporters = []
	metrics.num.samples = 2
	metrics.recording.level = INFO
	metrics.sample.window.ms = 30000
	min.insync.replicas = 1
	num.io.threads = 8
	num.network.threads = 3
	num.partitions = 1
	num.recovery.threads.per.data.dir = 1
	num.replica.alter.log.dirs.threads = null
	num.replica.fetchers = 1
	offset.metadata.max.bytes = 4096
	offsets.commit.required.acks = -1
	offsets.commit.timeout.ms = 5000
	offsets.load.buffer.size = 5242880
	offsets.retention.check.interval.ms = 600000
	offsets.retention.minutes = 10080
	offsets.topic.compression.codec = 0
	offsets.topic.num.partitions = 50
	offsets.topic.replication.factor = 1
	offsets.topic.segment.bytes = 104857600
	password.encoder.cipher.algorithm = AES/CBC/PKCS5Padding
	password.encoder.iterations = 4096
	password.encoder.key.length = 128
	password.encoder.keyfactory.algorithm = null
	password.encoder.old.secret = null
	password.encoder.secret = null
	port = 9092
	principal.builder.class = null
	producer.purgatory.purge.interval.requests = 1000
	queued.max.request.bytes = -1
	queued.max.requests = 500
	quota.consumer.default = 9223372036854775807
	quota.producer.default = 9223372036854775807
	quota.window.num = 11
	quota.window.size.seconds = 1
	replica.fetch.backoff.ms = 1000
	replica.fetch.max.bytes = 1048576
	replica.fetch.min.bytes = 1
	replica.fetch.response.max.bytes = 10485760
	replica.fetch.wait.max.ms = 500
	replica.high.watermark.checkpoint.interval.ms = 5000
	replica.lag.time.max.ms = 30000
	replica.selector.class = null
	replica.socket.receive.buffer.bytes = 65536
	replica.socket.timeout.ms = 30000
	replication.quota.window.num = 11
	replication.quota.window.size.seconds = 1
	request.timeout.ms = 30000
	reserved.broker.max.id = 1000
	sasl.client.callback.handler.class = null
	sasl.enabled.mechanisms = [GSSAPI]
	sasl.jaas.config = null
	sasl.kerberos.kinit.cmd = /usr/bin/kinit
	sasl.kerberos.min.time.before.relogin = 60000
	sasl.kerberos.principal.to.local.rules = [DEFAULT]
	sasl.kerberos.service.name = null
	sasl.kerberos.ticket.renew.jitter = 0.05
	sasl.kerberos.ticket.renew.window.factor = 0.8
	sasl.login.callback.handler.class = null
	sasl.login.class = null
	sasl.login.refresh.buffer.seconds = 300
	sasl.login.refresh.min.period.seconds = 60
	sasl.login.refresh.window.factor = 0.8
	sasl.login.refresh.window.jitter = 0.05
	sasl.mechanism.inter.broker.protocol = GSSAPI
	sasl.server.callback.handler.class = null
	security.inter.broker.protocol = PLAINTEXT
	security.providers = null
	socket.receive.buffer.bytes = 102400
	socket.request.max.bytes = 104857600
	socket.send.buffer.bytes = 102400
	ssl.cipher.suites = []
	ssl.client.auth = none
	ssl.enabled.protocols = [TLSv1.2]
	ssl.endpoint.identification.algorithm = https
	ssl.engine.factory.class = null
	ssl.key.password = null
	ssl.keymanager.algorithm = SunX509
	ssl.keystore.location = null
	ssl.keystore.password = null
	ssl.keystore.type = JKS
	ssl.principal.mapping.rules = DEFAULT
	ssl.protocol = TLSv1.2
	ssl.provider = null
	ssl.secure.random.implementation = null
	ssl.trustmanager.algorithm = PKIX
	ssl.truststore.location = null
	ssl.truststore.password = null
	ssl.truststore.type = JKS
	transaction.abort.timed.out.transaction.cleanup.interval.ms = 10000
	transaction.max.timeout.ms = 900000
	transaction.remove.expired.transaction.cleanup.interval.ms = 3600000
	transaction.state.log.load.buffer.size = 5242880
	transaction.state.log.min.isr = 1
	transaction.state.log.num.partitions = 50
	transaction.state.log.replication.factor = 1
	transaction.state.log.segment.bytes = 104857600
	transactional.id.expiration.ms = 604800000
	unclean.leader.election.enable = false
	zookeeper.clientCnxnSocket = null
	zookeeper.connect = localhost:2181
	zookeeper.connection.timeout.ms = 18000
	zookeeper.max.in.flight.requests = 10
	zookeeper.session.timeout.ms = 18000
	zookeeper.set.acl = false
	zookeeper.ssl.cipher.suites = null
	zookeeper.ssl.client.enable = false
	zookeeper.ssl.crl.enable = false
	zookeeper.ssl.enabled.protocols = null
	zookeeper.ssl.endpoint.identification.algorithm = HTTPS
	zookeeper.ssl.keystore.location = null
	zookeeper.ssl.keystore.password = null
	zookeeper.ssl.keystore.type = null
	zookeeper.ssl.ocsp.enable = false
	zookeeper.ssl.protocol = TLSv1.2
	zookeeper.ssl.truststore.location = null
	zookeeper.ssl.truststore.password = null
	zookeeper.ssl.truststore.type = null
	zookeeper.sync.time.ms = 2000
 (kafka.server.KafkaConfig)
[2021-06-22 17:41:14,711] INFO [ThrottledChannelReaper-Fetch]: Starting (kafka.server.ClientQuotaManager$ThrottledChannelReaper)
[2021-06-22 17:41:14,711] INFO [ThrottledChannelReaper-Produce]: Starting (kafka.server.ClientQuotaManager$ThrottledChannelReaper)
[2021-06-22 17:41:14,712] INFO [ThrottledChannelReaper-Request]: Starting (kafka.server.ClientQuotaManager$ThrottledChannelReaper)
[2021-06-22 17:41:14,733] INFO Log directory /tmp/kafka-logs not found, creating it. (kafka.log.LogManager)
[2021-06-22 17:41:14,740] INFO Loading logs from log dirs ArrayBuffer(/tmp/kafka-logs) (kafka.log.LogManager)
[2021-06-22 17:41:14,742] INFO Attempting recovery for all logs in /tmp/kafka-logs since no clean shutdown file was found (kafka.log.LogManager)
[2021-06-22 17:41:14,752] INFO Loaded 0 logs in 12ms. (kafka.log.LogManager)
[2021-06-22 17:41:14,767] INFO Starting log cleanup with a period of 300000 ms. (kafka.log.LogManager)
[2021-06-22 17:41:14,771] INFO Starting log flusher with a default period of 9223372036854775807 ms. (kafka.log.LogManager)
[2021-06-22 17:41:15,488] INFO Awaiting socket connections on 0.0.0.0:9092. (kafka.network.Acceptor)
[2021-06-22 17:41:15,521] INFO [SocketServer brokerId=0] Created data-plane acceptor and processors for endpoint : ListenerName(PLAINTEXT) (kafka.network.SocketServer)
[2021-06-22 17:41:15,542] INFO [ExpirationReaper-0-Produce]: Starting (kafka.server.DelayedOperationPurgatory$ExpiredOperationReaper)
[2021-06-22 17:41:15,543] INFO [ExpirationReaper-0-Fetch]: Starting (kafka.server.DelayedOperationPurgatory$ExpiredOperationReaper)
[2021-06-22 17:41:15,544] INFO [ExpirationReaper-0-DeleteRecords]: Starting (kafka.server.DelayedOperationPurgatory$ExpiredOperationReaper)
[2021-06-22 17:41:15,545] INFO [ExpirationReaper-0-ElectLeader]: Starting (kafka.server.DelayedOperationPurgatory$ExpiredOperationReaper)
[2021-06-22 17:41:15,559] INFO [LogDirFailureHandler]: Starting (kafka.server.ReplicaManager$LogDirFailureHandler)
[2021-06-22 17:41:15,584] INFO Creating /brokers/ids/0 (is it secure? false) (kafka.zk.KafkaZkClient)
[2021-06-22 17:41:15,603] INFO Stat of the created znode at /brokers/ids/0 is: 24,24,1624354875596,1624354875596,1,0,0,72059398759841792,188,0,24
 (kafka.zk.KafkaZkClient)
[2021-06-22 17:41:15,604] INFO Registered broker 0 at path /brokers/ids/0 with addresses: PLAINTEXT://localhost:9092, czxid (broker epoch): 24 (kafka.zk.KafkaZkClient)
[2021-06-22 17:41:15,668] INFO [ExpirationReaper-0-topic]: Starting (kafka.server.DelayedOperationPurgatory$ExpiredOperationReaper)
[2021-06-22 17:41:15,672] INFO [ExpirationReaper-0-Heartbeat]: Starting (kafka.server.DelayedOperationPurgatory$ExpiredOperationReaper)
[2021-06-22 17:41:15,672] INFO [ExpirationReaper-0-Rebalance]: Starting (kafka.server.DelayedOperationPurgatory$ExpiredOperationReaper)
[2021-06-22 17:41:15,681] INFO Successfully created /controller_epoch with initial epoch 0 (kafka.zk.KafkaZkClient)
[2021-06-22 17:41:15,703] INFO [GroupCoordinator 0]: Starting up. (kafka.coordinator.group.GroupCoordinator)
[2021-06-22 17:41:15,705] INFO [GroupCoordinator 0]: Startup complete. (kafka.coordinator.group.GroupCoordinator)
[2021-06-22 17:41:15,713] INFO [GroupMetadataManager brokerId=0] Removed 0 expired offsets in 9 milliseconds. (kafka.coordinator.group.GroupMetadataManager)
[2021-06-22 17:41:15,721] INFO [ProducerId Manager 0]: Acquired new producerId block (brokerId:0,blockStartProducerId:0,blockEndProducerId:999) by writing to Zk with path version 1 (kafka.coordinator.transaction.ProducerIdManager)
[2021-06-22 17:41:15,776] INFO [TransactionCoordinator id=0] Starting up. (kafka.coordinator.transaction.TransactionCoordinator)
[2021-06-22 17:41:15,781] INFO [Transaction Marker Channel Manager 0]: Starting (kafka.coordinator.transaction.TransactionMarkerChannelManager)
[2021-06-22 17:41:15,781] INFO [TransactionCoordinator id=0] Startup complete. (kafka.coordinator.transaction.TransactionCoordinator)
[2021-06-22 17:41:15,811] INFO [ExpirationReaper-0-AlterAcls]: Starting (kafka.server.DelayedOperationPurgatory$ExpiredOperationReaper)
[2021-06-22 17:41:15,842] INFO [/config/changes-event-process-thread]: Starting (kafka.common.ZkNodeChangeNotificationListener$ChangeEventProcessThread)
[2021-06-22 17:41:15,874] INFO [SocketServer brokerId=0] Starting socket server acceptors and processors (kafka.network.SocketServer)
[2021-06-22 17:41:15,890] INFO [SocketServer brokerId=0] Started data-plane acceptor and processor(s) for endpoint : ListenerName(PLAINTEXT) (kafka.network.SocketServer)
[2021-06-22 17:41:15,890] INFO [SocketServer brokerId=0] Started socket server acceptors and processors (kafka.network.SocketServer)
[2021-06-22 17:41:15,905] INFO Kafka version: 2.6.0 (org.apache.kafka.common.utils.AppInfoParser)
[2021-06-22 17:41:15,905] INFO Kafka commitId: 62abe01bee039651 (org.apache.kafka.common.utils.AppInfoParser)
[2021-06-22 17:41:15,905] INFO Kafka startTimeMs: 1624354875891 (org.apache.kafka.common.utils.AppInfoParser)
[2021-06-22 17:41:15,908] INFO [KafkaServer id=0] started (kafka.server.KafkaServer)
[2021-06-22 17:51:15,705] INFO [GroupMetadataManager brokerId=0] Removed 0 expired offsets in 0 milliseconds. (kafka.coordinator.group.GroupMetadataManager)
[2021-06-23 09:02:14,209] INFO [GroupMetadataManager brokerId=0] Removed 0 expired offsets in 0 milliseconds. (kafka.coordinator.group.GroupMetadataManager)
[2021-06-23 09:12:14,209] INFO [GroupMetadataManager brokerId=0] Removed 0 expired offsets in 1 milliseconds. (kafka.coordinator.group.GroupMetadataManager)
[2021-06-23 09:22:14,209] INFO [GroupMetadataManager brokerId=0] Removed 0 expired offsets in 0 milliseconds. (kafka.coordinator.group.GroupMetadataManager)
[2021-06-23 09:32:14,209] INFO [GroupMetadataManager brokerId=0] Removed 0 expired offsets in 1 milliseconds. (kafka.coordinator.group.GroupMetadataManager)
[2021-06-23 09:42:14,209] INFO [GroupMetadataManager brokerId=0] Removed 0 expired offsets in 0 milliseconds. (kafka.coordinator.group.GroupMetadataManager)
[2021-06-23 09:52:14,226] INFO [GroupMetadataManager brokerId=0] Removed 0 expired offsets in 17 milliseconds. (kafka.coordinator.group.GroupMetadataManager)
[2021-06-23 10:02:14,220] INFO [GroupMetadataManager brokerId=0] Removed 0 expired offsets in 1 milliseconds. (kafka.coordinator.group.GroupMetadataManager)
[2021-06-23 10:12:14,217] INFO [GroupMetadataManager brokerId=0] Removed 0 expired offsets in 0 milliseconds. (kafka.coordinator.group.GroupMetadataManager)
[2021-06-23 10:22:14,232] INFO [GroupMetadataManager brokerId=0] Removed 0 expired offsets in 0 milliseconds. (kafka.coordinator.group.GroupMetadataManager)
[2021-06-23 10:32:14,211] INFO [GroupMetadataManager brokerId=0] Removed 0 expired offsets in 1 milliseconds. (kafka.coordinator.group.GroupMetadataManager)
[2021-06-23 10:42:14,209] INFO [GroupMetadataManager brokerId=0] Removed 0 expired offsets in 0 milliseconds. (kafka.coordinator.group.GroupMetadataManager)
[2021-06-23 10:52:14,220] INFO [GroupMetadataManager brokerId=0] Removed 0 expired offsets in 0 milliseconds. (kafka.coordinator.group.GroupMetadataManager)
[2021-06-23 11:02:14,209] INFO [GroupMetadataManager brokerId=0] Removed 0 expired offsets in 0 milliseconds. (kafka.coordinator.group.GroupMetadataManager)
[2021-06-23 11:12:14,209] INFO [GroupMetadataManager brokerId=0] Removed 0 expired offsets in 0 milliseconds. (kafka.coordinator.group.GroupMetadataManager)
[2021-06-23 11:22:14,209] INFO [GroupMetadataManager brokerId=0] Removed 0 expired offsets in 1 milliseconds. (kafka.coordinator.group.GroupMetadataManager)
[2021-06-23 11:32:14,210] INFO [GroupMetadataManager brokerId=0] Removed 0 expired offsets in 0 milliseconds. (kafka.coordinator.group.GroupMetadataManager)
[2021-06-23 11:42:14,209] INFO [GroupMetadataManager brokerId=0] Removed 0 expired offsets in 0 milliseconds. (kafka.coordinator.group.GroupMetadataManager)
[2021-06-23 11:52:14,209] INFO [GroupMetadataManager brokerId=0] Removed 0 expired offsets in 0 milliseconds. (kafka.coordinator.group.GroupMetadataManager)
[2021-06-23 12:02:14,209] INFO [GroupMetadataManager brokerId=0] Removed 0 expired offsets in 1 milliseconds. (kafka.coordinator.group.GroupMetadataManager)
[2021-06-23 12:12:14,209] INFO [GroupMetadataManager brokerId=0] Removed 0 expired offsets in 0 milliseconds. (kafka.coordinator.group.GroupMetadataManager)
[2021-06-23 12:22:14,209] INFO [GroupMetadataManager brokerId=0] Removed 0 expired offsets in 0 milliseconds. (kafka.coordinator.group.GroupMetadataManager)
[2021-06-23 12:32:14,210] INFO [GroupMetadataManager brokerId=0] Removed 0 expired offsets in 1 milliseconds. (kafka.coordinator.group.GroupMetadataManager)
[2021-06-23 12:42:14,209] INFO [GroupMetadataManager brokerId=0] Removed 0 expired offsets in 0 milliseconds. (kafka.coordinator.group.GroupMetadataManager)
[2021-06-23 12:52:14,209] INFO [GroupMetadataManager brokerId=0] Removed 0 expired offsets in 0 milliseconds. (kafka.coordinator.group.GroupMetadataManager)
[2021-06-23 13:02:14,209] INFO [GroupMetadataManager brokerId=0] Removed 0 expired offsets in 0 milliseconds. (kafka.coordinator.group.GroupMetadataManager)
[2021-06-23 13:12:14,246] INFO [GroupMetadataManager brokerId=0] Removed 0 expired offsets in 0 milliseconds. (kafka.coordinator.group.GroupMetadataManager)
[2021-06-23 13:22:14,209] INFO [GroupMetadataManager brokerId=0] Removed 0 expired offsets in 0 milliseconds. (kafka.coordinator.group.GroupMetadataManager)
[2021-06-23 13:32:14,209] INFO [GroupMetadataManager brokerId=0] Removed 0 expired offsets in 0 milliseconds. (kafka.coordinator.group.GroupMetadataManager)
[2021-06-23 13:42:14,356] INFO [GroupMetadataManager brokerId=0] Removed 0 expired offsets in 100 milliseconds. (kafka.coordinator.group.GroupMetadataManager)
[2021-06-23 13:52:14,209] INFO [GroupMetadataManager brokerId=0] Removed 0 expired offsets in 0 milliseconds. (kafka.coordinator.group.GroupMetadataManager)
[2021-06-23 14:02:14,209] INFO [GroupMetadataManager brokerId=0] Removed 0 expired offsets in 0 milliseconds. (kafka.coordinator.group.GroupMetadataManager)
[2021-06-23 14:12:14,210] INFO [GroupMetadataManager brokerId=0] Removed 0 expired offsets in 1 milliseconds. (kafka.coordinator.group.GroupMetadataManager)
[2021-06-23 14:22:14,209] INFO [GroupMetadataManager brokerId=0] Removed 0 expired offsets in 0 milliseconds. (kafka.coordinator.group.GroupMetadataManager)
[2021-06-23 14:32:14,209] INFO [GroupMetadataManager brokerId=0] Removed 0 expired offsets in 0 milliseconds. (kafka.coordinator.group.GroupMetadataManager)
[2021-06-23 14:42:14,209] INFO [GroupMetadataManager brokerId=0] Removed 0 expired offsets in 1 milliseconds. (kafka.coordinator.group.GroupMetadataManager)
[2021-06-23 14:52:14,210] INFO [GroupMetadataManager brokerId=0] Removed 0 expired offsets in 1 milliseconds. (kafka.coordinator.group.GroupMetadataManager)
[2021-06-23 15:02:14,209] INFO [GroupMetadataManager brokerId=0] Removed 0 expired offsets in 0 milliseconds. (kafka.coordinator.group.GroupMetadataManager)
[2021-06-23 15:12:14,209] INFO [GroupMetadataManager brokerId=0] Removed 0 expired offsets in 0 milliseconds. (kafka.coordinator.group.GroupMetadataManager)
[2021-06-23 15:22:14,209] INFO [GroupMetadataManager brokerId=0] Removed 0 expired offsets in 1 milliseconds. (kafka.coordinator.group.GroupMetadataManager)
[2021-06-23 15:32:14,209] INFO [GroupMetadataManager brokerId=0] Removed 0 expired offsets in 1 milliseconds. (kafka.coordinator.group.GroupMetadataManager)
[2021-06-23 15:42:14,209] INFO [GroupMetadataManager brokerId=0] Removed 0 expired offsets in 1 milliseconds. (kafka.coordinator.group.GroupMetadataManager)
[2021-06-23 15:52:14,210] INFO [GroupMetadataManager brokerId=0] Removed 0 expired offsets in 0 milliseconds. (kafka.coordinator.group.GroupMetadataManager)
[2021-06-23 16:02:14,209] INFO [GroupMetadataManager brokerId=0] Removed 0 expired offsets in 0 milliseconds. (kafka.coordinator.group.GroupMetadataManager)
[2021-06-23 16:12:14,209] INFO [GroupMetadataManager brokerId=0] Removed 0 expired offsets in 0 milliseconds. (kafka.coordinator.group.GroupMetadataManager)
[2021-06-23 16:22:14,210] INFO [GroupMetadataManager brokerId=0] Removed 0 expired offsets in 1 milliseconds. (kafka.coordinator.group.GroupMetadataManager)
[2021-06-23 16:32:14,210] INFO [GroupMetadataManager brokerId=0] Removed 0 expired offsets in 0 milliseconds. (kafka.coordinator.group.GroupMetadataManager)
[2021-06-23 16:42:14,209] INFO [GroupMetadataManager brokerId=0] Removed 0 expired offsets in 0 milliseconds. (kafka.coordinator.group.GroupMetadataManager)
[2021-06-23 16:52:14,209] INFO [GroupMetadataManager brokerId=0] Removed 0 expired offsets in 1 milliseconds. (kafka.coordinator.group.GroupMetadataManager)
[2021-06-23 17:02:14,230] INFO [GroupMetadataManager brokerId=0] Removed 0 expired offsets in 0 milliseconds. (kafka.coordinator.group.GroupMetadataManager)
[2021-06-23 17:12:14,209] INFO [GroupMetadataManager brokerId=0] Removed 0 expired offsets in 0 milliseconds. (kafka.coordinator.group.GroupMetadataManager)
