[2021-02-22 09:58:39,463] INFO Reading configuration from: ./config/zookeeper.properties (org.apache.zookeeper.server.quorum.QuorumPeerConfig)
[2021-02-22 09:58:39,497] INFO clientPortAddress is 0.0.0.0:2181 (org.apache.zookeeper.server.quorum.QuorumPeerConfig)
[2021-02-22 09:58:39,497] INFO secureClientPort is not set (org.apache.zookeeper.server.quorum.QuorumPeerConfig)
[2021-02-22 09:58:39,501] INFO autopurge.snapRetainCount set to 3 (org.apache.zookeeper.server.DatadirCleanupManager)
[2021-02-22 09:58:39,501] INFO autopurge.purgeInterval set to 0 (org.apache.zookeeper.server.DatadirCleanupManager)
[2021-02-22 09:58:39,501] INFO Purge task is not scheduled. (org.apache.zookeeper.server.DatadirCleanupManager)
[2021-02-22 09:58:39,501] WARN Either no config or no quorum defined in config, running  in standalone mode (org.apache.zookeeper.server.quorum.QuorumPeerMain)
[2021-02-22 09:58:39,506] INFO Log4j 1.2 jmx support found and enabled. (org.apache.zookeeper.jmx.ManagedUtil)
[2021-02-22 09:58:39,535] INFO Reading configuration from: ./config/zookeeper.properties (org.apache.zookeeper.server.quorum.QuorumPeerConfig)
[2021-02-22 09:58:39,535] INFO clientPortAddress is 0.0.0.0:2181 (org.apache.zookeeper.server.quorum.QuorumPeerConfig)
[2021-02-22 09:58:39,535] INFO secureClientPort is not set (org.apache.zookeeper.server.quorum.QuorumPeerConfig)
[2021-02-22 09:58:39,535] INFO Starting server (org.apache.zookeeper.server.ZooKeeperServerMain)
[2021-02-22 09:58:39,545] INFO zookeeper.snapshot.trust.empty : false (org.apache.zookeeper.server.persistence.FileTxnSnapLog)
[2021-02-22 09:58:39,592] INFO Server environment:zookeeper.version=3.5.8-f439ca583e70862c3068a1f2a7d4d068eec33315, built on 05/04/2020 15:53 GMT (org.apache.zookeeper.server.ZooKeeperServer)
[2021-02-22 09:58:39,592] INFO Server environment:host.name=iz8vb5g4qq03mzm8hkphtbz (org.apache.zookeeper.server.ZooKeeperServer)
[2021-02-22 09:58:39,592] INFO Server environment:java.version=1.8.0_242 (org.apache.zookeeper.server.ZooKeeperServer)
[2021-02-22 09:58:39,592] INFO Server environment:java.vendor=Oracle Corporation (org.apache.zookeeper.server.ZooKeeperServer)
[2021-02-22 09:58:39,592] INFO Server environment:java.home=/usr/lib/jvm/java-1.8.0-openjdk-1.8.0.242.b08-0.el7_7.x86_64/jre (org.apache.zookeeper.server.ZooKeeperServer)
[2021-02-22 09:58:39,593] INFO Server environment:java.class.path=/usr/local/kafka_2.12-2.6.0/bin/../libs/activation-1.1.1.jar:/usr/local/kafka_2.12-2.6.0/bin/../libs/aopalliance-repackaged-2.5.0.jar:/usr/local/kafka_2.12-2.6.0/bin/../libs/argparse4j-0.7.0.jar:/usr/local/kafka_2.12-2.6.0/bin/../libs/audience-annotations-0.5.0.jar:/usr/local/kafka_2.12-2.6.0/bin/../libs/commons-cli-1.4.jar:/usr/local/kafka_2.12-2.6.0/bin/../libs/commons-lang3-3.8.1.jar:/usr/local/kafka_2.12-2.6.0/bin/../libs/connect-api-2.6.0.jar:/usr/local/kafka_2.12-2.6.0/bin/../libs/connect-basic-auth-extension-2.6.0.jar:/usr/local/kafka_2.12-2.6.0/bin/../libs/connect-file-2.6.0.jar:/usr/local/kafka_2.12-2.6.0/bin/../libs/connect-json-2.6.0.jar:/usr/local/kafka_2.12-2.6.0/bin/../libs/connect-mirror-2.6.0.jar:/usr/local/kafka_2.12-2.6.0/bin/../libs/connect-mirror-client-2.6.0.jar:/usr/local/kafka_2.12-2.6.0/bin/../libs/connect-runtime-2.6.0.jar:/usr/local/kafka_2.12-2.6.0/bin/../libs/connect-transforms-2.6.0.jar:/usr/local/kafka_2.12-2.6.0/bin/../libs/hk2-api-2.5.0.jar:/usr/local/kafka_2.12-2.6.0/bin/../libs/hk2-locator-2.5.0.jar:/usr/local/kafka_2.12-2.6.0/bin/../libs/hk2-utils-2.5.0.jar:/usr/local/kafka_2.12-2.6.0/bin/../libs/jackson-annotations-2.10.2.jar:/usr/local/kafka_2.12-2.6.0/bin/../libs/jackson-core-2.10.2.jar:/usr/local/kafka_2.12-2.6.0/bin/../libs/jackson-databind-2.10.2.jar:/usr/local/kafka_2.12-2.6.0/bin/../libs/jackson-dataformat-csv-2.10.2.jar:/usr/local/kafka_2.12-2.6.0/bin/../libs/jackson-datatype-jdk8-2.10.2.jar:/usr/local/kafka_2.12-2.6.0/bin/../libs/jackson-jaxrs-base-2.10.2.jar:/usr/local/kafka_2.12-2.6.0/bin/../libs/jackson-jaxrs-json-provider-2.10.2.jar:/usr/local/kafka_2.12-2.6.0/bin/../libs/jackson-module-jaxb-annotations-2.10.2.jar:/usr/local/kafka_2.12-2.6.0/bin/../libs/jackson-module-paranamer-2.10.2.jar:/usr/local/kafka_2.12-2.6.0/bin/../libs/jackson-module-scala_2.12-2.10.2.jar:/usr/local/kafka_2.12-2.6.0/bin/../libs/jakarta.activation-api-1.2.1.jar:/usr/local/kafka_2.12-2.6.0/bin/../libs/jakarta.annotation-api-1.3.4.jar:/usr/local/kafka_2.12-2.6.0/bin/../libs/jakarta.inject-2.5.0.jar:/usr/local/kafka_2.12-2.6.0/bin/../libs/jakarta.ws.rs-api-2.1.5.jar:/usr/local/kafka_2.12-2.6.0/bin/../libs/jakarta.xml.bind-api-2.3.2.jar:/usr/local/kafka_2.12-2.6.0/bin/../libs/javassist-3.22.0-CR2.jar:/usr/local/kafka_2.12-2.6.0/bin/../libs/javassist-3.26.0-GA.jar:/usr/local/kafka_2.12-2.6.0/bin/../libs/javax.servlet-api-3.1.0.jar:/usr/local/kafka_2.12-2.6.0/bin/../libs/javax.ws.rs-api-2.1.1.jar:/usr/local/kafka_2.12-2.6.0/bin/../libs/jaxb-api-2.3.0.jar:/usr/local/kafka_2.12-2.6.0/bin/../libs/jersey-client-2.28.jar:/usr/local/kafka_2.12-2.6.0/bin/../libs/jersey-common-2.28.jar:/usr/local/kafka_2.12-2.6.0/bin/../libs/jersey-container-servlet-2.28.jar:/usr/local/kafka_2.12-2.6.0/bin/../libs/jersey-container-servlet-core-2.28.jar:/usr/local/kafka_2.12-2.6.0/bin/../libs/jersey-hk2-2.28.jar:/usr/local/kafka_2.12-2.6.0/bin/../libs/jersey-media-jaxb-2.28.jar:/usr/local/kafka_2.12-2.6.0/bin/../libs/jersey-server-2.28.jar:/usr/local/kafka_2.12-2.6.0/bin/../libs/jetty-client-9.4.24.v20191120.jar:/usr/local/kafka_2.12-2.6.0/bin/../libs/jetty-continuation-9.4.24.v20191120.jar:/usr/local/kafka_2.12-2.6.0/bin/../libs/jetty-http-9.4.24.v20191120.jar:/usr/local/kafka_2.12-2.6.0/bin/../libs/jetty-io-9.4.24.v20191120.jar:/usr/local/kafka_2.12-2.6.0/bin/../libs/jetty-security-9.4.24.v20191120.jar:/usr/local/kafka_2.12-2.6.0/bin/../libs/jetty-server-9.4.24.v20191120.jar:/usr/local/kafka_2.12-2.6.0/bin/../libs/jetty-servlet-9.4.24.v20191120.jar:/usr/local/kafka_2.12-2.6.0/bin/../libs/jetty-servlets-9.4.24.v20191120.jar:/usr/local/kafka_2.12-2.6.0/bin/../libs/jetty-util-9.4.24.v20191120.jar:/usr/local/kafka_2.12-2.6.0/bin/../libs/jopt-simple-5.0.4.jar:/usr/local/kafka_2.12-2.6.0/bin/../libs/kafka_2.12-2.6.0.jar:/usr/local/kafka_2.12-2.6.0/bin/../libs/kafka_2.12-2.6.0-sources.jar:/usr/local/kafka_2.12-2.6.0/bin/../libs/kafka-clients-2.6.0.jar:/usr/local/kafka_2.12-2.6.0/bin/../libs/kafka-log4j-appender-2.6.0.jar:/usr/local/kafka_2.12-2.6.0/bin/../libs/kafka-streams-2.6.0.jar:/usr/local/kafka_2.12-2.6.0/bin/../libs/kafka-streams-examples-2.6.0.jar:/usr/local/kafka_2.12-2.6.0/bin/../libs/kafka-streams-scala_2.12-2.6.0.jar:/usr/local/kafka_2.12-2.6.0/bin/../libs/kafka-streams-test-utils-2.6.0.jar:/usr/local/kafka_2.12-2.6.0/bin/../libs/kafka-tools-2.6.0.jar:/usr/local/kafka_2.12-2.6.0/bin/../libs/log4j-1.2.17.jar:/usr/local/kafka_2.12-2.6.0/bin/../libs/lz4-java-1.7.1.jar:/usr/local/kafka_2.12-2.6.0/bin/../libs/maven-artifact-3.6.3.jar:/usr/local/kafka_2.12-2.6.0/bin/../libs/metrics-core-2.2.0.jar:/usr/local/kafka_2.12-2.6.0/bin/../libs/netty-buffer-4.1.50.Final.jar:/usr/local/kafka_2.12-2.6.0/bin/../libs/netty-codec-4.1.50.Final.jar:/usr/local/kafka_2.12-2.6.0/bin/../libs/netty-common-4.1.50.Final.jar:/usr/local/kafka_2.12-2.6.0/bin/../libs/netty-handler-4.1.50.Final.jar:/usr/local/kafka_2.12-2.6.0/bin/../libs/netty-resolver-4.1.50.Final.jar:/usr/local/kafka_2.12-2.6.0/bin/../libs/netty-transport-4.1.50.Final.jar:/usr/local/kafka_2.12-2.6.0/bin/../libs/netty-transport-native-epoll-4.1.50.Final.jar:/usr/local/kafka_2.12-2.6.0/bin/../libs/netty-transport-native-unix-common-4.1.50.Final.jar:/usr/local/kafka_2.12-2.6.0/bin/../libs/osgi-resource-locator-1.0.1.jar:/usr/local/kafka_2.12-2.6.0/bin/../libs/paranamer-2.8.jar:/usr/local/kafka_2.12-2.6.0/bin/../libs/plexus-utils-3.2.1.jar:/usr/local/kafka_2.12-2.6.0/bin/../libs/reflections-0.9.12.jar:/usr/local/kafka_2.12-2.6.0/bin/../libs/rocksdbjni-5.18.4.jar:/usr/local/kafka_2.12-2.6.0/bin/../libs/scala-collection-compat_2.12-2.1.6.jar:/usr/local/kafka_2.12-2.6.0/bin/../libs/scala-java8-compat_2.12-0.9.1.jar:/usr/local/kafka_2.12-2.6.0/bin/../libs/scala-library-2.12.11.jar:/usr/local/kafka_2.12-2.6.0/bin/../libs/scala-logging_2.12-3.9.2.jar:/usr/local/kafka_2.12-2.6.0/bin/../libs/scala-reflect-2.12.11.jar:/usr/local/kafka_2.12-2.6.0/bin/../libs/slf4j-api-1.7.30.jar:/usr/local/kafka_2.12-2.6.0/bin/../libs/slf4j-log4j12-1.7.30.jar:/usr/local/kafka_2.12-2.6.0/bin/../libs/snappy-java-1.1.7.3.jar:/usr/local/kafka_2.12-2.6.0/bin/../libs/validation-api-2.0.1.Final.jar:/usr/local/kafka_2.12-2.6.0/bin/../libs/zookeeper-3.5.8.jar:/usr/local/kafka_2.12-2.6.0/bin/../libs/zookeeper-jute-3.5.8.jar:/usr/local/kafka_2.12-2.6.0/bin/../libs/zstd-jni-1.4.4-7.jar (org.apache.zookeeper.server.ZooKeeperServer)
[2021-02-22 09:58:39,593] INFO Server environment:java.library.path=/usr/java/packages/lib/amd64:/usr/lib64:/lib64:/lib:/usr/lib (org.apache.zookeeper.server.ZooKeeperServer)
[2021-02-22 09:58:39,593] INFO Server environment:java.io.tmpdir=/tmp (org.apache.zookeeper.server.ZooKeeperServer)
[2021-02-22 09:58:39,595] INFO Server environment:java.compiler=<NA> (org.apache.zookeeper.server.ZooKeeperServer)
[2021-02-22 09:58:39,595] INFO Server environment:os.name=Linux (org.apache.zookeeper.server.ZooKeeperServer)
[2021-02-22 09:58:39,595] INFO Server environment:os.arch=amd64 (org.apache.zookeeper.server.ZooKeeperServer)
[2021-02-22 09:58:39,595] INFO Server environment:os.version=3.10.0-1062.12.1.el7.x86_64 (org.apache.zookeeper.server.ZooKeeperServer)
[2021-02-22 09:58:39,595] INFO Server environment:user.name=root (org.apache.zookeeper.server.ZooKeeperServer)
[2021-02-22 09:58:39,595] INFO Server environment:user.home=/root (org.apache.zookeeper.server.ZooKeeperServer)
[2021-02-22 09:58:39,595] INFO Server environment:user.dir=/usr/local/kafka_2.12-2.6.0 (org.apache.zookeeper.server.ZooKeeperServer)
[2021-02-22 09:58:39,595] INFO Server environment:os.memory.free=497MB (org.apache.zookeeper.server.ZooKeeperServer)
[2021-02-22 09:58:39,596] INFO Server environment:os.memory.max=512MB (org.apache.zookeeper.server.ZooKeeperServer)
[2021-02-22 09:58:39,596] INFO Server environment:os.memory.total=512MB (org.apache.zookeeper.server.ZooKeeperServer)
[2021-02-22 09:58:39,599] INFO minSessionTimeout set to 6000 (org.apache.zookeeper.server.ZooKeeperServer)
[2021-02-22 09:58:39,599] INFO maxSessionTimeout set to 60000 (org.apache.zookeeper.server.ZooKeeperServer)
[2021-02-22 09:58:39,600] INFO Created server with tickTime 3000 minSessionTimeout 6000 maxSessionTimeout 60000 datadir /tmp/zookeeper/version-2 snapdir /tmp/zookeeper/version-2 (org.apache.zookeeper.server.ZooKeeperServer)
[2021-02-22 09:58:39,614] INFO Using org.apache.zookeeper.server.NIOServerCnxnFactory as server connection factory (org.apache.zookeeper.server.ServerCnxnFactory)
[2021-02-22 09:58:39,618] INFO Configuring NIO connection handler with 10s sessionless connection timeout, 1 selector thread(s), 2 worker threads, and 64 kB direct buffers. (org.apache.zookeeper.server.NIOServerCnxnFactory)
[2021-02-22 09:58:39,635] INFO binding to port 0.0.0.0/0.0.0.0:2181 (org.apache.zookeeper.server.NIOServerCnxnFactory)
[2021-02-22 09:58:39,662] INFO zookeeper.snapshotSizeFactor = 0.33 (org.apache.zookeeper.server.ZKDatabase)
[2021-02-22 09:58:39,672] INFO Snapshotting: 0x0 to /tmp/zookeeper/version-2/snapshot.0 (org.apache.zookeeper.server.persistence.FileTxnSnapLog)
[2021-02-22 09:58:39,679] INFO Snapshotting: 0x0 to /tmp/zookeeper/version-2/snapshot.0 (org.apache.zookeeper.server.persistence.FileTxnSnapLog)
[2021-02-22 09:58:39,723] INFO Using checkIntervalMs=60000 maxPerMinute=10000 (org.apache.zookeeper.server.ContainerManager)
